This is pdfTeX, Version 3.1415926-2.3-1.40.12 (MiKTeX 2.9) (preloaded format=pdflatex 2017.11.15)  19 DEC 2017 19:34
entering extended mode
**E:/Ê∏ÖÂçéÂ§ßÂ≠¶ÔºàÂ§ß‰∏â‰∏äÔºâ/‰ø°Âè∑Â§ÑÁêÜÂéüÁêÜ/Áü≠Êó∂ÂÇÖÈáåÂè∂ÂèòÊç¢/repor
t/STMT.tex

(E:/Ê∏ÖÂçéÂ§ßÂ≠¶ÔºàÂ§ß‰∏â‰∏äÔºâ/‰ø°Âè∑Â§ÑÁêÜÂéüÁêÜ/Áü≠Êó∂ÂÇÖÈáåÂè∂ÂèòÊç¢/report
/STMT.tex
LaTeX2e <2011/06/27>
Babel <v3.8m> and hyphenation patterns for loaded.
(D:\CTEX\MiKTeX\tex\latex\base\article.cls
Document Class: article 2007/10/19 v1.4h Standard LaTeX document class
(D:\CTEX\MiKTeX\tex\latex\base\size12.clo
File: size12.clo 2007/10/19 v1.4h Standard LaTeX file (size option)
)
\c@part=\count79
\c@section=\count80
\c@subsection=\count81
\c@subsubsection=\count82
\c@paragraph=\count83
\c@subparagraph=\count84
\c@figure=\count85
\c@table=\count86
\abovecaptionskip=\skip41
\belowcaptionskip=\skip42
\bibindent=\dimen102
)
(D:\CTEX\MiKTeX\tex\latex\ams\math\amsmath.sty
Package: amsmath 2000/07/18 v2.13 AMS math features
\@mathmargin=\skip43

For additional information on amsmath, use the `?' option.
(D:\CTEX\MiKTeX\tex\latex\ams\math\amstext.sty
Package: amstext 2000/06/29 v2.01

(D:\CTEX\MiKTeX\tex\latex\ams\math\amsgen.sty
File: amsgen.sty 1999/11/30 v2.0
\@emptytoks=\toks14
\ex@=\dimen103
))
(D:\CTEX\MiKTeX\tex\latex\ams\math\amsbsy.sty
Package: amsbsy 1999/11/29 v1.2d
\pmbraise@=\dimen104
)
(D:\CTEX\MiKTeX\tex\latex\ams\math\amsopn.sty
Package: amsopn 1999/12/14 v2.01 operator names
)
\inf@bad=\count87
LaTeX Info: Redefining \frac on input line 211.
\uproot@=\count88
\leftroot@=\count89
LaTeX Info: Redefining \overline on input line 307.
\classnum@=\count90
\DOTSCASE@=\count91
LaTeX Info: Redefining \ldots on input line 379.
LaTeX Info: Redefining \dots on input line 382.
LaTeX Info: Redefining \cdots on input line 467.
\Mathstrutbox@=\box26
\strutbox@=\box27
\big@size=\dimen105
LaTeX Font Info:    Redeclaring font encoding OML on input line 567.
LaTeX Font Info:    Redeclaring font encoding OMS on input line 568.
\macc@depth=\count92
\c@MaxMatrixCols=\count93
\dotsspace@=\muskip10
\c@parentequation=\count94
\dspbrk@lvl=\count95
\tag@help=\toks15
\row@=\count96
\column@=\count97
\maxfields@=\count98
\andhelp@=\toks16
\eqnshift@=\dimen106
\alignsep@=\dimen107
\tagshift@=\dimen108
\tagwidth@=\dimen109
\totwidth@=\dimen110
\lineht@=\dimen111
\@envbody=\toks17
\multlinegap=\skip44
\multlinetaggap=\skip45
\mathdisplay@stack=\toks18
LaTeX Info: Redefining \[ on input line 2666.
LaTeX Info: Redefining \] on input line 2667.
)
(D:\CTEX\MiKTeX\tex\latex\cjk\CJK.sty
Package: CJK 2008/12/29 4.8.2

(D:\CTEX\MiKTeX\tex\latex\cjk\mule\MULEenc.sty
Package: MULEenc 2008/12/29 4.8.2
)
(D:\CTEX\MiKTeX\tex\latex\cjk\CJK.enc
File: CJK.enc 2008/12/29 4.8.2
)
LaTeX Info: Redefining \selectfont on input line 756.
\CJK@indent=\box28
)
(D:\CTEX\MiKTeX\tex\latex\tools\verbatim.sty
Package: verbatim 2003/08/22 v1.5q LaTeX2e package for verbatim enhancements
\every@verbatim=\toks19
\verbatim@line=\toks20
\verbatim@in@stream=\read1
)
(D:\CTEX\MiKTeX\tex\latex\tools\indentfirst.sty
Package: indentfirst 1995/11/23 v1.03 Indent first paragraph (DPC)
)
(D:\CTEX\MiKTeX\tex\latex\base\syntonly.sty
Package: syntonly 1999/09/17 v2.1e Standard LaTeX2e package
)
(D:\CTEX\MiKTeX\tex\latex\multirow\multirow.sty
\bigstrutjot=\dimen112
)
(D:\CTEX\MiKTeX\tex\latex\jknappen\mathrsfs.sty
Package: mathrsfs 1996/01/01 Math RSFS package v1.0 (jk)
\symrsfs=\mathgroup4
)
(D:\CTEX\MiKTeX\tex\latex\fancyhdr\fancyhdr.sty
\fancy@headwidth=\skip46
\f@ncyO@elh=\skip47
\f@ncyO@erh=\skip48
\f@ncyO@olh=\skip49
\f@ncyO@orh=\skip50
\f@ncyO@elf=\skip51
\f@ncyO@erf=\skip52
\f@ncyO@olf=\skip53
\f@ncyO@orf=\skip54
)
(D:\CTEX\MiKTeX\tex\latex\ams\classes\amsthm.sty
Package: amsthm 2004/08/06 v2.20
\thm@style=\toks21
\thm@bodyfont=\toks22
\thm@headfont=\toks23
\thm@notefont=\toks24
\thm@headpunct=\toks25
\thm@preskip=\skip55
\thm@postskip=\skip56
\thm@headsep=\skip57
\dth@everypar=\toks26
)
(D:\CTEX\MiKTeX\tex\latex\listings\listings.sty
(D:\CTEX\MiKTeX\tex\latex\graphics\keyval.sty
Package: keyval 1999/03/16 v1.13 key=value parser (DPC)
\KV@toks@=\toks27
)
\lst@mode=\count99
\lst@gtempboxa=\box29
\lst@token=\toks28
\lst@length=\count100
\lst@currlwidth=\dimen113
\lst@column=\count101
\lst@pos=\count102
\lst@lostspace=\dimen114
\lst@width=\dimen115
\lst@newlines=\count103
\lst@lineno=\count104
\lst@maxwidth=\dimen116

(D:\CTEX\MiKTeX\tex\latex\listings\lstmisc.sty
File: lstmisc.sty 2007/02/22 1.4 (Carsten Heinz)
\c@lstnumber=\count105
\lst@skipnumbers=\count106
\lst@framebox=\box30
)
(D:\CTEX\MiKTeX\tex\latex\listings\listings.cfg
File: listings.cfg 2007/02/22 1.4 listings configuration
))
Package: listings 2007/02/22 1.4 (Carsten Heinz)

(D:\CTEX\MiKTeX\tex\latex\ltxmisc\url.sty
\Urlmuskip=\muskip11
Package: url 2006/04/12  ver 3.3  Verb mode for urls, etc.
)
(D:\CTEX\MiKTeX\tex\latex\tools\longtable.sty
Package: longtable 2004/02/01 v4.11 Multi-page Table package (DPC)
\LTleft=\skip58
\LTright=\skip59
\LTpre=\skip60
\LTpost=\skip61
\LTchunksize=\count107
\LTcapwidth=\dimen117
\LT@head=\box31
\LT@firsthead=\box32
\LT@foot=\box33
\LT@lastfoot=\box34
\LT@cols=\count108
\LT@rows=\count109
\c@LT@tables=\count110
\c@LT@chunks=\count111
\LT@p@ftn=\toks29
)
(D:\CTEX\MiKTeX\tex\latex\ulem\ulem.sty
\UL@box=\box35
\UL@hyphenbox=\box36
\UL@skip=\skip62
\UL@hook=\toks30
\UL@height=\dimen118
\UL@pe=\count112
\UL@pixel=\dimen119
\ULC@box=\box37
Package: ulem 2011/03/18
\ULdepth=\dimen120
)
(D:\CTEX\MiKTeX\tex\latex\subfigure\subfigure.sty
Package: subfigure 2002/07/30 v2.1.4 subfigure package
\subfigtopskip=\skip63
\subfigcapskip=\skip64
\subfigcaptopadj=\dimen121
\subfigbottomskip=\skip65
\subfigcapmargin=\dimen122
\subfiglabelskip=\skip66
\c@subfigure=\count113
\c@lofdepth=\count114
\c@subtable=\count115
\c@lotdepth=\count116

****************************************
* Local config file subfigure.cfg used *
****************************************
(D:\CTEX\MiKTeX\tex\latex\subfigure\subfigure.cfg)
\subfig@top=\skip67
\subfig@bottom=\skip68
)
(D:\CTEX\MiKTeX\tex\latex\hyperref\hyperref.sty
Package: hyperref 2012/02/06 v6.82o Hypertext links for LaTeX

(D:\CTEX\MiKTeX\tex\generic\oberdiek\hobsub-hyperref.sty
Package: hobsub-hyperref 2011/04/23 v1.4 Bundle oberdiek, subset hyperref (HO)

(D:\CTEX\MiKTeX\tex\generic\oberdiek\hobsub-generic.sty
Package: hobsub-generic 2011/04/23 v1.4 Bundle oberdiek, subset generic (HO)
Package: hobsub 2011/04/23 v1.4 Subsetting bundle oberdiek (HO)
Package: infwarerr 2010/04/08 v1.3 Providing info/warning/message (HO)
Package: ltxcmds 2011/04/18 v1.20 LaTeX kernel commands for general use (HO)
Package: ifluatex 2010/03/01 v1.3 Provides the ifluatex switch (HO)
Package ifluatex Info: LuaTeX not detected.
Package: ifvtex 2010/03/01 v1.5 Switches for detecting VTeX and its modes (HO)
Package ifvtex Info: VTeX not detected.
Package: intcalc 2007/09/27 v1.1 Expandable integer calculations (HO)
Package: ifpdf 2011/01/30 v2.3 Provides the ifpdf switch (HO)
Package ifpdf Info: pdfTeX in PDF mode is detected.
Package: etexcmds 2011/02/16 v1.5 Prefix for e-TeX command names (HO)
Package etexcmds Info: Could not find \expanded.
(etexcmds)             That can mean that you are not using pdfTeX 1.50 or
(etexcmds)             that some package has redefined \expanded.
(etexcmds)             In the latter case, load this package earlier.
Package: kvsetkeys 2011/04/07 v1.13 Key value parser (HO)
Package: kvdefinekeys 2011/04/07 v1.3 Defining keys (HO)
Package: pdftexcmds 2011/04/22 v0.16 Utilities of pdfTeX for LuaTeX (HO)
Package pdftexcmds Info: LuaTeX not detected.
Package pdftexcmds Info: \pdf@primitive is available.
Package pdftexcmds Info: \pdf@ifprimitive is available.
Package pdftexcmds Info: \pdfdraftmode found.
Package: pdfescape 2011/04/04 v1.12 Provides string conversions (HO)
Package: bigintcalc 2011/01/30 v1.2 Expandable big integer calculations (HO)
Package: bitset 2011/01/30 v1.1 Data type bit set (HO)
Package: uniquecounter 2011/01/30 v1.2 Provides unlimited unique counter (HO)
)
Package hobsub Info: Skipping package `hobsub' (already loaded).
Package: letltxmacro 2010/09/02 v1.4 Let assignment for LaTeX macros (HO)
Package: hopatch 2011/01/30 v1.0 Wrapper for package hooks (HO)
Package: xcolor-patch 2011/01/30 xcolor patch
Package: atveryend 2011/04/23 v1.7 Hooks at very end of document (HO)
Package: atbegshi 2011/01/30 v1.15 At begin shipout hook (HO)
Package: refcount 2010/12/01 v3.2 Data extraction from references (HO)
Package: hycolor 2011/01/30 v1.7 Color options of hyperref/bookmark (HO)
)
(D:\CTEX\MiKTeX\tex\generic\ifxetex\ifxetex.sty
Package: ifxetex 2010/09/12 v0.6 Provides ifxetex conditional
)
(D:\CTEX\MiKTeX\tex\latex\oberdiek\kvoptions.sty
Package: kvoptions 2010/12/23 v3.10 Keyval support for LaTeX options (HO)
)
\@linkdim=\dimen123
\Hy@linkcounter=\count117
\Hy@pagecounter=\count118

(D:\CTEX\MiKTeX\tex\latex\hyperref\pd1enc.def
File: pd1enc.def 2012/02/06 v6.82o Hyperref: PDFDocEncoding definition (HO)
)
\Hy@SavedSpaceFactor=\count119

(D:\CTEX\MiKTeX\tex\latex\00miktex\hyperref.cfg
File: hyperref.cfg 2002/06/06 v1.2 hyperref configuration of TeXLive
)
Package hyperref Info: Option `CJKbookmarks' set `true' on input line 3925.
Package hyperref Info: Option `colorlinks' set `true' on input line 3925.
Package hyperref Info: Hyper figures OFF on input line 4046.
Package hyperref Info: Link nesting OFF on input line 4051.
Package hyperref Info: Hyper index ON on input line 4054.
Package hyperref Info: Plain pages OFF on input line 4061.
Package hyperref Info: Backreferencing OFF on input line 4066.
Package hyperref Info: Implicit mode ON; LaTeX internals redefined.
Package hyperref Info: Bookmarks ON on input line 4284.
\c@Hy@tempcnt=\count120
LaTeX Info: Redefining \url on input line 4637.
\Fld@menulength=\count121
\Field@Width=\dimen124
\Fld@charsize=\dimen125
Package hyperref Info: Hyper figures OFF on input line 5757.
Package hyperref Info: Link nesting OFF on input line 5762.
Package hyperref Info: Hyper index ON on input line 5765.
Package hyperref Info: backreferencing OFF on input line 5772.
Package hyperref Info: Link coloring ON on input line 5775.
Package hyperref Info: Link coloring with OCG OFF on input line 5782.
Package hyperref Info: PDF/A mode OFF on input line 5787.
LaTeX Info: Redefining \ref on input line 5827.
LaTeX Info: Redefining \pageref on input line 5831.
\Hy@abspage=\count122
\c@Item=\count123
\c@Hfootnote=\count124
)

Package hyperref Message: Driver (autodetected): hpdftex.

(D:\CTEX\MiKTeX\tex\latex\hyperref\hpdftex.def
File: hpdftex.def 2012/02/06 v6.82o Hyperref driver for pdfTeX
\Fld@listcount=\count125
\c@bookmark@seq@number=\count126

(D:\CTEX\MiKTeX\tex\latex\oberdiek\rerunfilecheck.sty
Package: rerunfilecheck 2011/04/15 v1.7 Rerun checks for auxiliary files (HO)
Package uniquecounter Info: New unique counter `rerunfilecheck' on input line 2
82.
)
\Hy@SectionHShift=\skip69
)
(D:\CTEX\MiKTeX\tex\latex\graphics\graphicx.sty
Package: graphicx 1999/02/16 v1.0f Enhanced LaTeX Graphics (DPC,SPQR)

(D:\CTEX\MiKTeX\tex\latex\graphics\graphics.sty
Package: graphics 2009/02/05 v1.0o Standard LaTeX Graphics (DPC,SPQR)

(D:\CTEX\MiKTeX\tex\latex\graphics\trig.sty
Package: trig 1999/03/16 v1.09 sin cos tan (DPC)
)
(D:\CTEX\MiKTeX\tex\latex\00miktex\graphics.cfg
File: graphics.cfg 2007/01/18 v1.5 graphics configuration of teTeX/TeXLive
)
Package graphics Info: Driver file: pdftex.def on input line 91.

(D:\CTEX\MiKTeX\tex\latex\pdftex-def\pdftex.def
File: pdftex.def 2011/05/27 v0.06d Graphics/color for pdfTeX
\Gread@gobject=\count127
))
\Gin@req@height=\dimen126
\Gin@req@width=\dimen127
)
(D:\CTEX\MiKTeX\tex\latex\geometry\geometry.sty
Package: geometry 2010/09/12 v5.6 Page Geometry
\Gm@cnth=\count128
\Gm@cntv=\count129
\c@Gm@tempcnt=\count130
\Gm@bindingoffset=\dimen128
\Gm@wd@mp=\dimen129
\Gm@odd@mp=\dimen130
\Gm@even@mp=\dimen131
\Gm@layoutwidth=\dimen132
\Gm@layoutheight=\dimen133
\Gm@layouthoffset=\dimen134
\Gm@layoutvoffset=\dimen135
\Gm@dimlist=\toks31

(D:\CTEX\MiKTeX\tex\latex\geometry\geometry.cfg))
(D:\CTEX\MiKTeX\tex\latex\paralist\paralist.sty
Package: paralist 2002/03/18 v2.3b Extended list environments (BS)
\pltopsep=\skip70
\plpartopsep=\skip71
\plitemsep=\skip72
\plparsep=\skip73
\pl@lab=\toks32
)
(D:\CTEX\MiKTeX\tex\latex\diagbox\diagbox.sty
Package: diagbox 2011/11/23 v2.0 Making table heads with diagonal lines

(D:\CTEX\MiKTeX\tex\latex\pict2e\pict2e.sty
Package: pict2e 2011/04/05 v0.2y Improved picture commands (HjG,RN,JT)

(D:\CTEX\MiKTeX\tex\latex\00miktex\pict2e.cfg
File: pict2e.cfg 2005/12/29 v1.0 MiKTeX 'pict2e' configuration
)
Package pict2e Info: Driver file: pdftex.def on input line 119.
Package pict2e Info: Driver file for pict2e: p2e-pdftex.def on input line 121.

(D:\CTEX\MiKTeX\tex\latex\pict2e\p2e-pdftex.def
File: p2e-pdftex.def 2011/04/05 v0.1t Driver-dependant file (RN,HjG,JT)
)
\pIIe@GRAPH=\toks33
\@arclen=\dimen136
\@arcrad=\dimen137
\@tempdimd=\dimen138
)
(D:\CTEX\MiKTeX\tex\latex\fp\fp.sty
Package: fp 1995/04/02

`Fixed Point Package', Version 0.8, April 2, 1995 (C) Michael Mehlich
(D:\CTEX\MiKTeX\tex\latex\fp\defpattern.sty
Package: defpattern 1994/10/12
\actioncount=\count131
)
(D:\CTEX\MiKTeX\tex\latex\fp\fp-basic.sty
Package: fp-basic 1996/05/13
\FP@xs=\count132
\FP@xia=\count133
\FP@xib=\count134
\FP@xfa=\count135
\FP@xfb=\count136
\FP@rega=\count137
\FP@regb=\count138
\FP@regs=\count139
\FP@times=\count140
)
(D:\CTEX\MiKTeX\tex\latex\fp\fp-addons.sty
Package: fp-addons 1995/03/15
)
(D:\CTEX\MiKTeX\tex\latex\fp\fp-snap.sty
Package: fp-snap 1995/04/05
)
(D:\CTEX\MiKTeX\tex\latex\fp\fp-exp.sty
Package: fp-exp 1995/04/03
)
(D:\CTEX\MiKTeX\tex\latex\fp\fp-trigo.sty
Package: fp-trigo 1995/04/14
)
(D:\CTEX\MiKTeX\tex\latex\fp\fp-pas.sty
Package: fp-pas 1994/08/29
)
(D:\CTEX\MiKTeX\tex\latex\fp\fp-random.sty
Package: fp-random 1995/02/23
\FPseed=\count141
)
(D:\CTEX\MiKTeX\tex\latex\fp\fp-eqn.sty
Package: fp-eqn 1995/04/03
)
(D:\CTEX\MiKTeX\tex\latex\fp\fp-upn.sty
Package: fp-upn 1996/10/21
)
(D:\CTEX\MiKTeX\tex\latex\fp\fp-eval.sty
Package: fp-eval 1995/04/03
))
\diagbox@boxa=\box38
\diagbox@boxb=\box39
\diagbox@boxm=\box40
\diagbox@wd=\dimen139
\diagbox@ht=\dimen140
\diagbox@sepl=\dimen141
\diagbox@sepr=\dimen142
)
(D:\CTEX\MiKTeX\tex\latex\xcolor\xcolor.sty
Package: xcolor 2007/01/21 v2.11 LaTeX color extensions (UK)

(D:\CTEX\MiKTeX\tex\latex\00miktex\color.cfg
File: color.cfg 2007/01/18 v1.5 color configuration of teTeX/TeXLive
)
Package xcolor Info: Driver file: pdftex.def on input line 225.
Package xcolor Info: Model `cmy' substituted by `cmy0' on input line 1337.
Package xcolor Info: Model `hsb' substituted by `rgb' on input line 1341.
Package xcolor Info: Model `RGB' extended on input line 1353.
Package xcolor Info: Model `HTML' substituted by `rgb' on input line 1355.
Package xcolor Info: Model `Hsb' substituted by `hsb' on input line 1356.
Package xcolor Info: Model `tHsb' substituted by `hsb' on input line 1357.
Package xcolor Info: Model `HSB' substituted by `hsb' on input line 1358.
Package xcolor Info: Model `Gray' substituted by `gray' on input line 1359.
Package xcolor Info: Model `wave' substituted by `hsb' on input line 1360.
)

LaTeX Warning: Unused global option(s):
    [twosidep].


(E:\Ê∏ÖÂçéÂ§ßÂ≠¶ÔºàÂ§ß‰∏â‰∏äÔºâ\‰ø°Âè∑Â§ÑÁêÜÂéüÁêÜ\Áü≠Êó∂ÂÇÖÈáåÂè∂ÂèòÊç¢\report
\STMT.aux)
LaTeX Font Info:    Checking defaults for OML/cmm/m/it on input line 45.
LaTeX Font Info:    ... okay on input line 45.
LaTeX Font Info:    Checking defaults for T1/cmr/m/n on input line 45.
LaTeX Font Info:    ... okay on input line 45.
LaTeX Font Info:    Checking defaults for OT1/cmr/m/n on input line 45.
LaTeX Font Info:    ... okay on input line 45.
LaTeX Font Info:    Checking defaults for OMS/cmsy/m/n on input line 45.
LaTeX Font Info:    ... okay on input line 45.
LaTeX Font Info:    Checking defaults for OMX/cmex/m/n on input line 45.
LaTeX Font Info:    ... okay on input line 45.
LaTeX Font Info:    Checking defaults for U/cmr/m/n on input line 45.
LaTeX Font Info:    ... okay on input line 45.
LaTeX Font Info:    Checking defaults for C00/song/m/n on input line 45.
LaTeX Font Info:    ... okay on input line 45.
LaTeX Font Info:    Checking defaults for C05/song/m/n on input line 45.
LaTeX Font Info:    ... okay on input line 45.
LaTeX Font Info:    Checking defaults for C09/song/m/n on input line 45.
LaTeX Font Info:    ... okay on input line 45.
LaTeX Font Info:    Checking defaults for C10/song/m/n on input line 45.
LaTeX Font Info:    ... okay on input line 45.
LaTeX Font Info:    Checking defaults for C20/song/m/n on input line 45.
LaTeX Font Info:    ... okay on input line 45.
LaTeX Font Info:    Checking defaults for C19/song/m/n on input line 45.
LaTeX Font Info:    ... okay on input line 45.
LaTeX Font Info:    Checking defaults for C40/song/m/n on input line 45.
LaTeX Font Info:    ... okay on input line 45.
LaTeX Font Info:    Checking defaults for C42/song/m/n on input line 45.
LaTeX Font Info:    ... okay on input line 45.
LaTeX Font Info:    Checking defaults for C43/song/m/n on input line 45.
LaTeX Font Info:    ... okay on input line 45.
LaTeX Font Info:    Checking defaults for C50/song/m/n on input line 45.
LaTeX Font Info:    ... okay on input line 45.
LaTeX Font Info:    Checking defaults for C52/song/m/n on input line 45.
LaTeX Font Info:    ... okay on input line 45.
LaTeX Font Info:    Checking defaults for C49/song/m/n on input line 45.
LaTeX Font Info:    ... okay on input line 45.
LaTeX Font Info:    Checking defaults for C60/mj/m/n on input line 45.
LaTeX Font Info:    ... okay on input line 45.
LaTeX Font Info:    Checking defaults for C61/mj/m/n on input line 45.
LaTeX Font Info:    ... okay on input line 45.
LaTeX Font Info:    Checking defaults for C63/mj/m/n on input line 45.
LaTeX Font Info:    ... okay on input line 45.
LaTeX Font Info:    Checking defaults for C64/mj/m/n on input line 45.
LaTeX Font Info:    ... okay on input line 45.
LaTeX Font Info:    Checking defaults for C65/mj/m/n on input line 45.
LaTeX Font Info:    ... okay on input line 45.
LaTeX Font Info:    Checking defaults for C70/song/m/n on input line 45.
LaTeX Font Info:    ... okay on input line 45.
LaTeX Font Info:    Checking defaults for C31/song/m/n on input line 45.
LaTeX Font Info:    ... okay on input line 45.
LaTeX Font Info:    Checking defaults for C32/song/m/n on input line 45.
LaTeX Font Info:    ... okay on input line 45.
LaTeX Font Info:    Checking defaults for C33/song/m/n on input line 45.
LaTeX Font Info:    ... okay on input line 45.
LaTeX Font Info:    Checking defaults for C34/song/m/n on input line 45.
LaTeX Font Info:    ... okay on input line 45.
LaTeX Font Info:    Checking defaults for C35/song/m/n on input line 45.
LaTeX Font Info:    ... okay on input line 45.
LaTeX Font Info:    Checking defaults for C36/song/m/n on input line 45.
LaTeX Font Info:    ... okay on input line 45.
LaTeX Font Info:    Checking defaults for C37/song/m/n on input line 45.
LaTeX Font Info:    ... okay on input line 45.
LaTeX Font Info:    Checking defaults for C80/song/m/n on input line 45.
LaTeX Font Info:    ... okay on input line 45.
LaTeX Font Info:    Checking defaults for C81/song/m/n on input line 45.
LaTeX Font Info:    ... okay on input line 45.
LaTeX Font Info:    Checking defaults for C01/song/m/n on input line 45.
LaTeX Font Info:    ... okay on input line 45.
LaTeX Font Info:    Checking defaults for C11/song/m/n on input line 45.
LaTeX Font Info:    ... okay on input line 45.
LaTeX Font Info:    Checking defaults for C21/song/m/n on input line 45.
LaTeX Font Info:    ... okay on input line 45.
LaTeX Font Info:    Checking defaults for C41/song/m/n on input line 45.
LaTeX Font Info:    ... okay on input line 45.
LaTeX Font Info:    Checking defaults for C62/song/m/n on input line 45.
LaTeX Font Info:    ... okay on input line 45.
LaTeX Font Info:    Checking defaults for PD1/pdf/m/n on input line 45.
LaTeX Font Info:    ... okay on input line 45.
\c@lstlisting=\count142
\AtBeginShipoutBox=\box41
Package hyperref Info: Link coloring ON on input line 45.
 (D:\CTEX\MiKTeX\tex\latex\hyperref\nameref.sty
Package: nameref 2010/04/30 v2.40 Cross-referencing by name of section

(D:\CTEX\MiKTeX\tex\generic\oberdiek\gettitlestring.sty
Package: gettitlestring 2010/12/03 v1.4 Cleanup title references (HO)
)
\c@section@level=\count143
)
LaTeX Info: Redefining \ref on input line 45.
LaTeX Info: Redefining \pageref on input line 45.
LaTeX Info: Redefining \nameref on input line 45.

(E:\Ê∏ÖÂçéÂ§ßÂ≠¶ÔºàÂ§ß‰∏â‰∏äÔºâ\‰ø°Âè∑Â§ÑÁêÜÂéüÁêÜ\Áü≠Êó∂ÂÇÖÈáåÂè∂ÂèòÊç¢\report
\STMT.out)
(E:\Ê∏ÖÂçéÂ§ßÂ≠¶ÔºàÂ§ß‰∏â‰∏äÔºâ\‰ø°Âè∑Â§ÑÁêÜÂéüÁêÜ\Áü≠Êó∂ÂÇÖÈáåÂè∂ÂèòÊç¢\report
\STMT.out)
\@outlinefile=\write3
 (D:\CTEX\MiKTeX\tex\context\base\supp-pdf.mkii
[Loading MPS to PDF converter (version 2006.09.02).]
\scratchcounter=\count144
\scratchdimen=\dimen143
\scratchbox=\box42
\nofMPsegments=\count145
\nofMParguments=\count146
\everyMPshowfont=\toks34
\MPscratchCnt=\count147
\MPscratchDim=\dimen144
\MPnumerator=\count148
\makeMPintoPDFobject=\count149
\everyMPtoPDFconversion=\toks35
)
*geometry* driver: auto-detecting
*geometry* detected driver: pdftex
*geometry* verbose mode - [ preamble ] result:
* driver: pdftex
* paper: <default>
* layout: <same size as paper>
* layoutoffset:(h,v)=(0.0pt,0.0pt)
* modes: 
* h-part:(L,W,R)=(86.72377pt, 440.84746pt, 86.72377pt)
* v-part:(T,H,B)=(108.405pt, 578.15999pt, 108.405pt)
* \paperwidth=614.295pt
* \paperheight=794.96999pt
* \textwidth=440.84746pt
* \textheight=578.15999pt
* \oddsidemargin=14.45378pt
* \evensidemargin=14.45378pt
* \topmargin=-0.86499pt
* \headheight=12.0pt
* \headsep=25.0pt
* \topskip=12.0pt
* \footskip=30.0pt
* \marginparwidth=44.0pt
* \marginparsep=10.0pt
* \columnsep=10.0pt
* \skip\footins=10.8pt plus 4.0pt minus 2.0pt
* \hoffset=0.0pt
* \voffset=0.0pt
* \mag=1000
* \@twocolumnfalse
* \@twosidefalse
* \@mparswitchfalse
* \@reversemarginfalse
* (1in=72.27pt=25.4mm, 1cm=28.453pt)

(D:\CTEX\MiKTeX\tex\latex\cjk\standard.bdg
File: standard.bdg 2008/12/29 4.8.2
)
(D:\CTEX\MiKTeX\tex\latex\cjk\extended.enc
File: extended.enc 2008/12/29 4.8.2
)
(D:\CTEX\MiKTeX\tex\latex\cjk\extended.chr
File: extended.chr 2008/12/29 4.8.2
)
Package hyperref Info: Option `CJKbookmarks' set `true' on input line 47.
LaTeX Font Info:    Try loading font information for C19+song on input line 75.


(D:\CTEX\CTeX\tex\latex\CJK\GB\c19song.fd
File: c19song.fd 2009/09/23 4.8.2
)
LaTeX Font Info:    Try loading font information for U+rsfs on input line 75.

(D:\CTEX\MiKTeX\tex\latex\jknappen\ursfs.fd
File: ursfs.fd 1998/03/24 rsfs font definition file (jk)
)

Package hyperref Warning: Token not allowed in a PDF string (PDFDocEncoding):
(hyperref)                \kern 1.95872pt
(hyperref)                removed on input line 75.


Package hyperref Warning: Token not allowed in a PDF string (PDFDocEncoding):
(hyperref)                \kern 1.95872pt
(hyperref)                removed on input line 75.


Package hyperref Warning: Token not allowed in a PDF string (PDFDocEncoding):
(hyperref)                \kern 1.95872pt
(hyperref)                removed on input line 75.

<FT.jpg, id=24, 562.1pt x 421.575pt>
File: FT.jpg Graphic file (type jpg)
 <use FT.jpg>
Package pdftex.def Info: FT.jpg used on input line 100.
(pdftex.def)             Requested size: 337.2626pt x 252.94695pt.

<delta001.jpg, id=31, 562.1pt x 421.575pt>
File: delta001.jpg Graphic file (type jpg)
 <use delta001.jpg>
Package pdftex.def Info: delta001.jpg used on input line 108.
(pdftex.def)             Requested size: 337.2626pt x 252.94695pt.

Overfull \hbox (25.15074pt too wide) in paragraph at lines 105--111
[]\C19/song/m/n/12/55 ¶ \C19/song/m/n/12/62 ^\OT1/cmr/m/n/12 matlab\C19/song/m/
n/12/40 \OT1/cmr/m/n/12 spectrogram\C19/song/m/n/12/43 º \C19/song/m/n/12/55 Í
 \C19/song/m/n/12/26 ß \C19/song/m/n/12/59 k \C19/song/m/n/12/40 È \C19/song/m/
n/12/55 — \C19/song/m/n/12/54 \ \C19/song/m/n/12/60 & \C19/song/m/n/12/43 “ \C1
9/song/m/n/12/46 ? \C19/song/m/n/12/60 1 \C19/song/m/n/12/48 l \C19/song/m/n/12
/54 — \C19/song/m/n/12/37 Ê \C19/song/m/n/12/61  \C19/song/m/n/12/26 ß \C19/so
ng/m/n/12/37 Ê \C19/song/m/n/12/61  \C19/song/m/n/12/52 ™ \C19/song/m/n/12/49 
« \C19/song/m/n/12/58 è$\OT1/cmr/m/n/12 1000\OML/cmm/m/it/12 HZ >$
 []

<delta0013d.jpg, id=32, 1371.1225pt x 652.4375pt>
File: delta0013d.jpg Graphic file (type jpg)
 <use delta0013d.jpg>
Package pdftex.def Info: delta0013d.jpg used on input line 114.
(pdftex.def)             Requested size: 479.90007pt x 228.35654pt.

Overfull \hbox (39.05261pt too wide) in paragraph at lines 114--115
 [][] 
 []

<delta01.jpg, id=33, 562.1pt x 421.575pt>
File: delta01.jpg Graphic file (type jpg)
 <use delta01.jpg>
Package pdftex.def Info: delta01.jpg used on input line 120.
(pdftex.def)             Requested size: 337.2626pt x 252.94695pt.

<delta013d.jpg, id=34, 1371.1225pt x 652.4375pt>
File: delta013d.jpg Graphic file (type jpg)
 <use delta013d.jpg>
Package pdftex.def Info: delta013d.jpg used on input line 126.
(pdftex.def)             Requested size: 479.90007pt x 228.35654pt.

Overfull \hbox (39.05261pt too wide) in paragraph at lines 126--127
 [][] 
 []

<delta1.jpg, id=35, 562.1pt x 421.575pt>
File: delta1.jpg Graphic file (type jpg)
 <use delta1.jpg>
Package pdftex.def Info: delta1.jpg used on input line 132.
(pdftex.def)             Requested size: 337.2626pt x 252.94695pt.

<delta13d.jpg, id=36, 1371.1225pt x 652.4375pt>
File: delta13d.jpg Graphic file (type jpg)
 <use delta13d.jpg>
Package pdftex.def Info: delta13d.jpg used on input line 138.
(pdftex.def)             Requested size: 479.90007pt x 228.35654pt.

Overfull \hbox (39.05261pt too wide) in paragraph at lines 138--139
 [][] 
 []

<ft(10to1000).jpg, id=38, 562.1pt x 421.575pt>
File: ft(10to1000).jpg Graphic file (type jpg)
 <use ft(10to1000).jpg>
Package pdftex.def Info: ft(10to1000).jpg used on input line 146.
(pdftex.def)             Requested size: 337.2626pt x 252.94695pt.
 [1

{D:/CTEX/UserData/pdftex/config/pdftex.map{Unicode.sfd}{UGBK.sfd}}]

Package Fancyhdr Warning: \headheight is too small (12.0pt): 
 Make it at least 14.49998pt.
 We now make it that large for the rest of the document.
 This may cause the page layout to be inconsistent, however.

[2 <E:/Ê∏ÖÂçéÂ§ßÂ≠¶ÔºàÂ§ß‰∏â‰∏äÔºâ/‰ø°Âè∑Â§ÑÁêÜÂéüÁêÜ/Áü≠Êó∂ÂÇÖÈáåÂè∂ÂèòÊç¢/rep
ort/FT.jpg> <E:/Ê∏ÖÂçéÂ§ßÂ≠¶ÔºàÂ§ß‰∏â‰∏äÔºâ/‰ø°Âè∑Â§ÑÁêÜÂéüÁêÜ/Áü≠Êó∂ÂÇÖÈáåÂè∂Â
èòÊç¢/report/delta001.jpg>] [3 <E:/Ê∏ÖÂçéÂ§ßÂ≠¶ÔºàÂ§ß‰∏â‰∏äÔºâ/‰ø°Âè∑Â§ÑÁêÜÂéüÁ
êÜ/Áü≠Êó∂ÂÇÖÈáåÂè∂ÂèòÊç¢/report/delta0013d.jpg> <E:/Ê∏ÖÂçéÂ§ßÂ≠¶ÔºàÂ§ß‰∏â‰∏äÔºâ
/‰ø°Âè∑Â§ÑÁêÜÂéüÁêÜ/Áü≠Êó∂ÂÇÖÈáåÂè∂ÂèòÊç¢/report/delta01.jpg>] [4 <E:/Ê∏ÖÂçéÂ§ß
Â≠¶ÔºàÂ§ß‰∏â‰∏äÔºâ/‰ø°Âè∑Â§ÑÁêÜÂéüÁêÜ/Áü≠Êó∂ÂÇÖÈáåÂè∂ÂèòÊç¢/report/delta013d.jp
g> <E:/Ê∏ÖÂçéÂ§ßÂ≠¶ÔºàÂ§ß‰∏â‰∏äÔºâ/‰ø°Âè∑Â§ÑÁêÜÂéüÁêÜ/Áü≠Êó∂ÂÇÖÈáåÂè∂ÂèòÊç¢/rep
ort/delta1.jpg>] [5 <E:/Ê∏ÖÂçéÂ§ßÂ≠¶ÔºàÂ§ß‰∏â‰∏äÔºâ/‰ø°Âè∑Â§ÑÁêÜÂéüÁêÜ/Áü≠Êó∂ÂÇ
ÖÈáåÂè∂ÂèòÊç¢/report/delta13d.jpg>]
<gabor015.jpg, id=126, 562.1pt x 421.575pt>
File: gabor015.jpg Graphic file (type jpg)
 <use gabor015.jpg>
Package pdftex.def Info: gabor015.jpg used on input line 167.
(pdftex.def)             Requested size: 309.15596pt x 231.86696pt.

<gabor02.jpg, id=127, 562.1pt x 421.575pt>
File: gabor02.jpg Graphic file (type jpg)
 <use gabor02.jpg>
Package pdftex.def Info: gabor02.jpg used on input line 173.
(pdftex.def)             Requested size: 309.15596pt x 231.86696pt.

<gabor2.jpg, id=128, 562.1pt x 421.575pt>
File: gabor2.jpg Graphic file (type jpg)
 <use gabor2.jpg>
Package pdftex.def Info: gabor2.jpg used on input line 179.
(pdftex.def)             Requested size: 309.15596pt x 231.86696pt.

<gabor3d015.jpg, id=129, 1371.1225pt x 652.4375pt>
File: gabor3d015.jpg Graphic file (type jpg)
 <use gabor3d015.jpg>
Package pdftex.def Info: gabor3d015.jpg used on input line 185.
(pdftex.def)             Requested size: 479.90007pt x 228.35654pt.

Overfull \hbox (39.05261pt too wide) in paragraph at lines 185--186
 [][] 
 []

<gabor3d02.jpg, id=130, 1371.1225pt x 652.4375pt>
File: gabor3d02.jpg Graphic file (type jpg)
 <use gabor3d02.jpg>
Package pdftex.def Info: gabor3d02.jpg used on input line 191.
(pdftex.def)             Requested size: 479.90007pt x 228.35654pt.

Overfull \hbox (39.05261pt too wide) in paragraph at lines 191--192
 [][] 
 []

<gabor3d2.jpg, id=131, 1371.1225pt x 652.4375pt>
File: gabor3d2.jpg Graphic file (type jpg)
 <use gabor3d2.jpg>
Package pdftex.def Info: gabor3d2.jpg used on input line 197.
(pdftex.def)             Requested size: 479.90007pt x 228.35654pt.

Overfull \hbox (39.05261pt too wide) in paragraph at lines 197--198
 [][] 
 []

Package atveryend Info: Empty hook `BeforeClearDocument' on input line 201.
[6 <E:/Ê∏ÖÂçéÂ§ßÂ≠¶ÔºàÂ§ß‰∏â‰∏äÔºâ/‰ø°Âè∑Â§ÑÁêÜÂéüÁêÜ/Áü≠Êó∂ÂÇÖÈáåÂè∂ÂèòÊç¢/rep
ort/ft(10to1000).jpg>] [7 <E:/Ê∏ÖÂçéÂ§ßÂ≠¶ÔºàÂ§ß‰∏â‰∏äÔºâ/‰ø°Âè∑Â§ÑÁêÜÂéüÁêÜ/Áü
≠Êó∂ÂÇÖÈáåÂè∂ÂèòÊç¢/report/gabor015.jpg> <E:/Ê∏ÖÂçéÂ§ßÂ≠¶ÔºàÂ§ß‰∏â‰∏äÔºâ/‰ø°Âè∑
Â§ÑÁêÜÂéüÁêÜ/Áü≠Êó∂ÂÇÖÈáåÂè∂ÂèòÊç¢/report/gabor02.jpg>] [8 <E:/Ê∏ÖÂçéÂ§ßÂ≠¶ÔºàÂ
§ß‰∏â‰∏äÔºâ/‰ø°Âè∑Â§ÑÁêÜÂéüÁêÜ/Áü≠Êó∂ÂÇÖÈáåÂè∂ÂèòÊç¢/report/gabor2.jpg> <E:/Ê∏Ö
ÂçéÂ§ßÂ≠¶ÔºàÂ§ß‰∏â‰∏äÔºâ/‰ø°Âè∑Â§ÑÁêÜÂéüÁêÜ/Áü≠Êó∂ÂÇÖÈáåÂè∂ÂèòÊç¢/report/gabor3
d015.jpg>] [9 <E:/Ê∏ÖÂçéÂ§ßÂ≠¶ÔºàÂ§ß‰∏â‰∏äÔºâ/‰ø°Âè∑Â§ÑÁêÜÂéüÁêÜ/Áü≠Êó∂ÂÇÖÈáåÂè
∂ÂèòÊç¢/report/gabor3d02.jpg> <E:/Ê∏ÖÂçéÂ§ßÂ≠¶ÔºàÂ§ß‰∏â‰∏äÔºâ/‰ø°Âè∑Â§ÑÁêÜÂéüÁê
Ü/Áü≠Êó∂ÂÇÖÈáåÂè∂ÂèòÊç¢/report/gabor3d2.jpg>]
Package atveryend Info: Empty hook `AfterLastShipout' on input line 201.

(E:\Ê∏ÖÂçéÂ§ßÂ≠¶ÔºàÂ§ß‰∏â‰∏äÔºâ\‰ø°Âè∑Â§ÑÁêÜÂéüÁêÜ\Áü≠Êó∂ÂÇÖÈáåÂè∂ÂèòÊç¢\report
\STMT.aux)
Package atveryend Info: Executing hook `AtVeryEndDocument' on input line 201.
Package atveryend Info: Executing hook `AtEndAfterFileList' on input line 201.
Package rerunfilecheck Info: File `STMT.out' has not changed.
(rerunfilecheck)             Checksum: B8D545466C6F35CC8C0F973FE5580271;245.


LaTeX Warning: Label(s) may have changed. Rerun to get cross-references right.

 ) 
Here is how much of TeX's memory you used:
 10455 strings out of 495354
 141465 string characters out of 3183858
 265929 words of memory out of 3000000
 13374 multiletter control sequences out of 15000+200000
 30684 words of font info for 110 fonts, out of 3000000 for 9000
 14 hyphenation exceptions out of 8191
 37i,17n,43p,491b,882s stack positions out of 5000i,500n,10000p,200000b,50000s
<D:/CTEX/CTeX/fonts/truetype/chinese/simsun.ttf><D:/CTEX/CTeX/fonts/truetype/
chinese/simsun.ttf><D:/CTEX/CTeX/fonts/truetype/chinese/simsun.ttf><D:/CTEX/CTe
X/fonts/truetype/chinese/simsun.ttf><D:/CTEX/CTeX/fonts/truetype/chinese/simsun
.ttf><D:/CTEX/CTeX/fonts/truetype/chinese/simsun.ttf><D:/CTEX/CTeX/fonts/truety
pe/chinese/simsun.ttf><D:/CTEX/CTeX/fonts/truetype/chinese/simsun.ttf><D:/CTEX/
CTeX/fonts/truetype/chinese/simsun.ttf><D:/CTEX/CTeX/fonts/truetype/chinese/sim
sun.ttf><D:/CTEX/CTeX/fonts/truetype/chinese/simsun.ttf><D:/CTEX/CTeX/fonts/tru
etype/chinese/simsun.ttf><D:/CTEX/CTeX/fonts/truetype/chinese/simsun.ttf><D:/CT
EX/CTeX/fonts/truetype/chinese/simsun.ttf><D:/CTEX/CTeX/fonts/truetype/chinese/
simsun.ttf><D:/CTEX/CTeX/fonts/truetype/chinese/simsun.ttf><D:/CTEX/CTeX/fonts/
truetype/chinese/simsun.ttf><D:/CTEX/CTeX/fonts/truetype/chinese/simsun.ttf><D:
/CTEX/CTeX/fonts/truetype/chinese/simsun.ttf><D:/CTEX/CTeX/fonts/truetype/chine
se/simsun.ttf><D:/CTEX/CTeX/fonts/truetype/chinese/simsun.ttf><D:/CTEX/CTeX/fon
ts/truetype/chinese/simsun.ttf><D:/CTEX/CTeX/fonts/truetype/chinese/simsun.ttf>
<D:/CTEX/CTeX/fonts/truetype/chinese/simsun.ttf><D:/CTEX/CTeX/fonts/truetype/ch
inese/simsun.ttf><D:/CTEX/CTeX/fonts/truetype/chinese/simsun.ttf><D:/CTEX/CTeX/
fonts/truetype/chinese/simsun.ttf><D:/CTEX/CTeX/fonts/truetype/chinese/simsun.t
tf><D:/CTEX/CTeX/fonts/truetype/chinese/simsun.ttf><D:/CTEX/CTeX/fonts/truetype
/chinese/simsun.ttf><D:/CTEX/CTeX/fonts/truetype/chinese/simsun.ttf><D:/CTEX/CT
eX/fonts/truetype/chinese/simsun.ttf><D:/CTEX/CTeX/fonts/truetype/chinese/simsu
n.ttf><D:/CTEX/CTeX/fonts/truetype/chinese/simsun.ttf><D:/CTEX/CTeX/fonts/truet
ype/chinese/simsun.ttf><D:/CTEX/CTeX/fonts/truetype/chinese/simsun.ttf><D:/CTEX
/CTeX/fonts/truetype/chinese/simsun.ttf><D:/CTEX/CTeX/fonts/truetype/chinese/si
msun.ttf><D:/CTEX/CTeX/fonts/truetype/chinese/simsun.ttf><D:/CTEX/MiKTeX/fonts/
type1/public/amsfonts/cm/cmbx12.pfb><D:/CTEX/MiKTeX/fonts/type1/public/amsfonts
/cm/cmex10.pfb><D:/CTEX/MiKTeX/fonts/type1/public/amsfonts/cm/cmmi12.pfb><D:/CT
EX/MiKTeX/fonts/type1/public/amsfonts/cm/cmmi6.pfb><D:/CTEX/MiKTeX/fonts/type1/
public/amsfonts/cm/cmmi8.pfb><D:/CTEX/MiKTeX/fonts/type1/public/amsfonts/cm/cmr
10.pfb><D:/CTEX/MiKTeX/fonts/type1/public/amsfonts/cm/cmr12.pfb><D:/CTEX/MiKTeX
/fonts/type1/public/amsfonts/cm/cmr6.pfb><D:/CTEX/MiKTeX/fonts/type1/public/ams
fonts/cm/cmr8.pfb><D:/CTEX/MiKTeX/fonts/type1/public/amsfonts/cm/cmsl12.pfb><D:
/CTEX/MiKTeX/fonts/type1/public/amsfonts/cm/cmsy10.pfb><D:/CTEX/MiKTeX/fonts/ty
pe1/public/amsfonts/cm/cmsy6.pfb><D:/CTEX/MiKTeX/fonts/type1/public/amsfonts/cm
/cmsy7.pfb><D:/CTEX/MiKTeX/fonts/type1/public/amsfonts/cm/cmsy8.pfb><D:/CTEX/Mi
KTeX/fonts/type1/hoekwater/rsfs/rsfs10.pfb>
Output written on STMT.pdf (9 pages, 854622 bytes).
PDF statistics:
 334 PDF objects out of 1000 (max. 8388607)
 33 named destinations out of 1000 (max. 500000)
 111 words of extra memory for PDF output out of 10000 (max. 10000000)

